{"/Users/sade/Desktop/lambdaassignments/Node/node-testing2-project/knexfile.js": {"path":"/Users/sade/Desktop/lambdaassignments/Node/node-testing2-project/knexfile.js","statementMap":{"0":{"start":{"line":2,"column":21},"end":{"line":17,"column":1}},"1":{"start":{"line":14,"column":6},"end":{"line":14,"column":48}},"2":{"start":{"line":19,"column":0},"end":{"line":33,"column":4}}},"fnMap":{"0":{"name":"(anonymous_0)","decl":{"start":{"line":13,"column":17},"end":{"line":13,"column":18}},"loc":{"start":{"line":13,"column":33},"end":{"line":15,"column":5}},"line":13}},"branchMap":{},"s":{"0":1,"1":0,"2":1},"f":{"0":0},"b":{},"_coverageSchema":"1a1c01bbd47fc00a2c39e90264f33305004495a9","hash":"90b9f2cbdbe0cc3e39a07a915cfa95cc41763bc2"}
,"/Users/sade/Desktop/lambdaassignments/Node/node-testing2-project/server.js": {"path":"/Users/sade/Desktop/lambdaassignments/Node/node-testing2-project/server.js","statementMap":{"0":{"start":{"line":1,"column":16},"end":{"line":1,"column":34}},"1":{"start":{"line":2,"column":15},"end":{"line":2,"column":24}},"2":{"start":{"line":3,"column":21},"end":{"line":3,"column":60}},"3":{"start":{"line":5,"column":0},"end":{"line":5,"column":26}},"4":{"start":{"line":6,"column":0},"end":{"line":6,"column":41}},"5":{"start":{"line":14,"column":0},"end":{"line":14,"column":23}}},"fnMap":{},"branchMap":{},"s":{"0":1,"1":1,"2":1,"3":1,"4":1,"5":1},"f":{},"b":{},"_coverageSchema":"1a1c01bbd47fc00a2c39e90264f33305004495a9","hash":"3bfad350dc9ec1d95febbe6b06f060b247736f61"}
,"/Users/sade/Desktop/lambdaassignments/Node/node-testing2-project/api/classes/classes-router.js": {"path":"/Users/sade/Desktop/lambdaassignments/Node/node-testing2-project/api/classes/classes-router.js","statementMap":{"0":{"start":{"line":1,"column":15},"end":{"line":1,"column":42}},"1":{"start":{"line":8,"column":0},"end":{"line":8,"column":23}}},"fnMap":{},"branchMap":{},"s":{"0":1,"1":1},"f":{},"b":{},"_coverageSchema":"1a1c01bbd47fc00a2c39e90264f33305004495a9","hash":"a02a97897cad4e58c05704165598fca5ad0f7648"}
,"/Users/sade/Desktop/lambdaassignments/Node/node-testing2-project/data/db-config.js": {"path":"/Users/sade/Desktop/lambdaassignments/Node/node-testing2-project/data/db-config.js","statementMap":{"0":{"start":{"line":1,"column":13},"end":{"line":1,"column":28}},"1":{"start":{"line":3,"column":15},"end":{"line":3,"column":40}},"2":{"start":{"line":5,"column":20},"end":{"line":5,"column":57}},"3":{"start":{"line":7,"column":0},"end":{"line":7,"column":43}}},"fnMap":{},"branchMap":{"0":{"loc":{"start":{"line":5,"column":20},"end":{"line":5,"column":57}},"type":"binary-expr","locations":[{"start":{"line":5,"column":20},"end":{"line":5,"column":40}},{"start":{"line":5,"column":44},"end":{"line":5,"column":57}}],"line":5}},"s":{"0":1,"1":1,"2":1,"3":1},"f":{},"b":{"0":[1,0]},"_coverageSchema":"1a1c01bbd47fc00a2c39e90264f33305004495a9","hash":"ed3512b997abd8a523c266a03a1ffcf66493d7c3"}
}
