TN:
SF:knexfile.js
FN:13,(anonymous_0)
FNF:1
FNH:1
FNDA:1,(anonymous_0)
DA:2,2
DA:14,1
DA:19,2
LF:3
LH:3
BRF:0
BRH:0
end_of_record
TN:
SF:server.js
FN:10,(anonymous_0)
FNF:1
FNH:1
FNDA:1,(anonymous_0)
DA:1,2
DA:2,2
DA:3,2
DA:4,2
DA:6,2
DA:7,2
DA:8,2
DA:10,2
DA:11,1
DA:23,2
LF:10
LH:10
BRF:0
BRH:0
end_of_record
TN:
SF:api/classes/classes-router.js
FNF:0
FNH:0
DA:1,2
DA:8,2
LF:2
LH:2
BRF:0
BRH:0
end_of_record
TN:
SF:api/classes/roles-model.js
FN:4,getAll
FN:8,getById
FN:12,insert
FN:17,update
FN:24,remove
FNF:5
FNH:4
FNDA:0,getAll
FNDA:10,getById
FNDA:4,insert
FNDA:1,update
FNDA:1,remove
DA:1,2
DA:5,0
DA:9,10
DA:13,4
DA:14,4
DA:18,1
DA:21,1
DA:25,1
DA:26,1
DA:30,1
DA:37,2
LF:11
LH:10
BRF:0
BRH:0
end_of_record
TN:
SF:api/classes/roles-router.js
FN:4,(anonymous_0)
FN:6,(anonymous_1)
FN:9,(anonymous_2)
FNF:3
FNH:0
FNDA:0,(anonymous_0)
FNDA:0,(anonymous_1)
FNDA:0,(anonymous_2)
DA:1,2
DA:2,2
DA:4,2
DA:5,0
DA:7,0
DA:10,0
DA:17,2
LF:7
LH:4
BRF:0
BRH:0
end_of_record
TN:
SF:data/db-config.js
FNF:0
FNH:0
DA:1,2
DA:3,2
DA:5,2
DA:7,2
LF:4
LH:4
BRDA:5,0,0,2
BRDA:5,0,1,0
BRF:2
BRH:1
end_of_record
TN:
SF:data/migrations/20220225044014_initial-tables.js
FN:2,(anonymous_0)
FN:4,(anonymous_1)
FN:8,(anonymous_2)
FN:19,(anonymous_3)
FN:23,(anonymous_4)
FN:34,(anonymous_5)
FN:53,(anonymous_6)
FNF:7
FNH:7
FNDA:1,(anonymous_0)
FNDA:1,(anonymous_1)
FNDA:1,(anonymous_2)
FNDA:1,(anonymous_3)
FNDA:1,(anonymous_4)
FNDA:1,(anonymous_5)
FNDA:1,(anonymous_6)
DA:2,1
DA:3,1
DA:5,1
DA:6,1
DA:9,1
DA:10,1
DA:11,1
DA:20,1
DA:21,1
DA:24,1
DA:25,1
DA:26,1
DA:35,1
DA:36,1
DA:43,1
DA:53,1
DA:54,1
LF:17
LH:17
BRF:0
BRH:0
end_of_record
